[2025-11-25 19:26:58] === PAINEL.PHP INICIADO ===
[2025-11-25 19:26:58] REQUEST METHOD: GET
[2025-11-25 19:26:58] Conectando ao banco...
[2025-11-25 19:27:00] === PAINEL.PHP INICIADO ===
[2025-11-25 19:27:00] REQUEST METHOD: GET
[2025-11-25 19:27:00] Conectando ao banco...
[2025-11-25 19:27:00] Conectado ao banco com sucesso
[2025-11-25 19:27:00] GET REQUEST - Listando produtos
[2025-11-25 19:27:00] Total de produtos: 0
[2025-11-25 19:27:02] Conectado ao banco com sucesso
[2025-11-25 19:27:02] GET REQUEST - Listando produtos
[2025-11-25 19:27:02] Total de produtos: 0
[2025-11-25 19:35:22] === PAINEL.PHP INICIADO ===
[2025-11-25 19:35:22] REQUEST METHOD: GET
[2025-11-25 19:35:22] Conectando ao banco...
[2025-11-25 19:35:24] Conectado ao banco com sucesso
[2025-11-25 19:35:24] GET REQUEST - Listando produtos
[2025-11-25 19:35:24] Total de produtos: 0
[2025-11-25 19:35:24] === PAINEL.PHP INICIADO ===
[2025-11-25 19:35:24] REQUEST METHOD: GET
[2025-11-25 19:35:24] Conectando ao banco...
[2025-11-25 19:35:26] Conectado ao banco com sucesso
[2025-11-25 19:35:26] GET REQUEST - Listando produtos
[2025-11-25 19:35:26] Total de produtos: 0
[2025-11-25 19:35:27] === PAINEL.PHP INICIADO ===
[2025-11-25 19:35:27] REQUEST METHOD: GET
[2025-11-25 19:35:27] Conectando ao banco...
[2025-11-25 19:35:29] Conectado ao banco com sucesso
[2025-11-25 19:35:29] GET REQUEST - Listando produtos
[2025-11-25 19:35:29] Total de produtos: 0
[2025-11-25 19:35:57] === PAINEL.PHP INICIADO ===
[2025-11-25 19:35:57] REQUEST METHOD: GET
[2025-11-25 19:35:57] Conectando ao banco...
[2025-11-25 19:35:59] Conectado ao banco com sucesso
[2025-11-25 19:35:59] GET REQUEST - Listando produtos
[2025-11-25 19:35:59] Total de produtos: 0
[2025-11-25 19:35:59] === PAINEL.PHP INICIADO ===
[2025-11-25 19:35:59] REQUEST METHOD: GET
[2025-11-25 19:35:59] Conectando ao banco...
[2025-11-25 19:36:01] Conectado ao banco com sucesso
[2025-11-25 19:36:01] GET REQUEST - Listando produtos
[2025-11-25 19:36:01] Total de produtos: 0
[2025-11-25 19:36:28] === PAINEL.PHP INICIADO ===
[2025-11-25 19:36:28] REQUEST METHOD: GET
[2025-11-25 19:36:28] Conectando ao banco...
[2025-11-25 19:36:30] Conectado ao banco com sucesso
[2025-11-25 19:36:30] GET REQUEST - Listando produtos
[2025-11-25 19:36:30] Total de produtos: 0
[2025-11-25 19:36:30] === PAINEL.PHP INICIADO ===
[2025-11-25 19:36:30] REQUEST METHOD: GET
[2025-11-25 19:36:30] Conectando ao banco...
[2025-11-25 19:36:32] Conectado ao banco com sucesso
[2025-11-25 19:36:32] GET REQUEST - Listando produtos
[2025-11-25 19:36:32] Total de produtos: 0
[2025-11-25 19:36:57] === PAINEL.PHP INICIADO ===
[2025-11-25 19:36:57] REQUEST METHOD: GET
[2025-11-25 19:36:57] Conectando ao banco...
[2025-11-25 19:36:59] Conectado ao banco com sucesso
[2025-11-25 19:36:59] GET REQUEST - Listando produtos
[2025-11-25 19:36:59] Total de produtos: 0
[2025-11-25 19:36:59] === PAINEL.PHP INICIADO ===
[2025-11-25 19:36:59] REQUEST METHOD: GET
[2025-11-25 19:37:00] Conectando ao banco...
[2025-11-25 19:37:02] Conectado ao banco com sucesso
[2025-11-25 19:37:02] GET REQUEST - Listando produtos
[2025-11-25 19:37:02] Total de produtos: 0
[2025-11-25 19:37:27] === PAINEL.PHP INICIADO ===
[2025-11-25 19:37:27] REQUEST METHOD: GET
[2025-11-25 19:37:27] Conectando ao banco...
[2025-11-25 19:37:30] Conectado ao banco com sucesso
[2025-11-25 19:37:30] GET REQUEST - Listando produtos
[2025-11-25 19:37:30] Total de produtos: 0
[2025-11-25 19:37:30] === PAINEL.PHP INICIADO ===
[2025-11-25 19:37:30] REQUEST METHOD: GET
[2025-11-25 19:37:30] Conectando ao banco...
[2025-11-25 19:37:32] Conectado ao banco com sucesso
[2025-11-25 19:37:32] GET REQUEST - Listando produtos
[2025-11-25 19:37:32] Total de produtos: 0
[2025-11-25 19:37:50] === PAINEL.PHP INICIADO ===
[2025-11-25 19:37:50] REQUEST METHOD: GET
[2025-11-25 19:37:50] Conectando ao banco...
[2025-11-25 19:37:52] Conectado ao banco com sucesso
[2025-11-25 19:37:52] GET REQUEST - Listando produtos
[2025-11-25 19:37:52] Total de produtos: 0
[2025-11-25 19:37:52] === PAINEL.PHP INICIADO ===
[2025-11-25 19:37:52] REQUEST METHOD: GET
[2025-11-25 19:37:52] Conectando ao banco...
[2025-11-25 19:37:54] Conectado ao banco com sucesso
[2025-11-25 19:37:54] GET REQUEST - Listando produtos
[2025-11-25 19:37:54] Total de produtos: 0
[2025-11-25 19:53:54] === PAINEL.PHP INICIADO ===
[2025-11-25 19:53:54] REQUEST METHOD: GET
[2025-11-25 19:53:54] Conectando ao banco...
[2025-11-25 19:53:56] Conectado ao banco com sucesso
[2025-11-25 19:53:56] GET REQUEST - Listando produtos
[2025-11-25 19:53:56] Total de produtos: 0
[2025-11-25 19:53:56] === PAINEL.PHP INICIADO ===
[2025-11-25 19:53:56] REQUEST METHOD: GET
[2025-11-25 19:53:56] Conectando ao banco...
[2025-11-25 19:53:58] Conectado ao banco com sucesso
[2025-11-25 19:53:58] GET REQUEST - Listando produtos
[2025-11-25 19:53:58] Total de produtos: 0
[2025-11-25 19:54:06] === PAINEL.PHP INICIADO ===
[2025-11-25 19:54:06] REQUEST METHOD: POST
[2025-11-25 19:54:06] Conectando ao banco...
[2025-11-25 19:54:08] Conectado ao banco com sucesso
[2025-11-25 19:54:08] POST REQUEST - Criando produto
[2025-11-25 19:54:08] Dados recebidos: Nome=nometeste, Preco=22, Estoque=22
[2025-11-25 19:54:08] Preparando statement para INSERT
[2025-11-25 19:54:08] Executando INSERT...
[2025-11-25 19:54:08] Produto inserido com ID: 1
[2025-11-25 19:54:08] Produto recuperado do banco
[2025-11-25 19:54:08] === PAINEL.PHP INICIADO ===
[2025-11-25 19:54:08] REQUEST METHOD: GET
[2025-11-25 19:54:08] Conectando ao banco...
[2025-11-25 19:54:10] Conectado ao banco com sucesso
[2025-11-25 19:54:10] GET REQUEST - Listando produtos
[2025-11-25 19:54:10] Total de produtos: 1
[2025-11-25 19:54:10] === PAINEL.PHP INICIADO ===
[2025-11-25 19:54:10] REQUEST METHOD: GET
[2025-11-25 19:54:10] Conectando ao banco...
[2025-11-25 19:54:12] Conectado ao banco com sucesso
[2025-11-25 19:54:12] GET REQUEST - Listando produtos
[2025-11-25 19:54:12] Total de produtos: 1
[2025-11-25 19:54:24] === PAINEL.PHP INICIADO ===
[2025-11-25 19:54:24] REQUEST METHOD: GET
[2025-11-25 19:54:24] Conectando ao banco...
[2025-11-25 19:54:26] Conectado ao banco com sucesso
[2025-11-25 19:54:26] GET REQUEST - Listando produtos
[2025-11-25 19:54:26] Total de produtos: 1
[2025-11-25 19:54:26] === PAINEL.PHP INICIADO ===
[2025-11-25 19:54:26] REQUEST METHOD: GET
[2025-11-25 19:54:26] Conectando ao banco...
[2025-11-25 19:54:28] Conectado ao banco com sucesso
[2025-11-25 19:54:28] GET REQUEST - Listando produtos
[2025-11-25 19:54:28] Total de produtos: 1
[2025-11-25 19:54:28] === PAINEL.PHP INICIADO ===
[2025-11-25 19:54:28] REQUEST METHOD: GET
[2025-11-25 19:54:28] Conectando ao banco...
[2025-11-25 19:54:30] Conectado ao banco com sucesso
[2025-11-25 19:54:30] GET REQUEST - Listando produtos
[2025-11-25 19:54:30] Total de produtos: 1
[2025-11-25 19:54:50] === PAINEL.PHP INICIADO ===
[2025-11-25 19:54:50] REQUEST METHOD: DELETE
[2025-11-25 19:54:50] Conectando ao banco...
[2025-11-25 19:54:52] Conectado ao banco com sucesso
[2025-11-25 19:54:52] DELETE REQUEST
[2025-11-25 19:54:52] ID a deletar: 
[2025-11-25 19:54:52] ERRO CAPTURADO: ID n達o fornecido
[2025-11-25 19:54:52] Enviando erro: {"error":true,"message":"ID n\u00e3o fornecido"}
[2025-11-25 19:54:54] === PAINEL.PHP INICIADO ===
[2025-11-25 19:54:54] REQUEST METHOD: GET
[2025-11-25 19:54:54] Conectando ao banco...
[2025-11-25 19:54:56] Conectado ao banco com sucesso
[2025-11-25 19:54:56] GET REQUEST - Listando produtos
[2025-11-25 19:54:56] Total de produtos: 1
[2025-11-25 19:54:56] === PAINEL.PHP INICIADO ===
[2025-11-25 19:54:56] REQUEST METHOD: GET
[2025-11-25 19:54:56] Conectando ao banco...
[2025-11-25 19:54:58] Conectado ao banco com sucesso
[2025-11-25 19:54:58] GET REQUEST - Listando produtos
[2025-11-25 19:54:58] Total de produtos: 1
[2025-11-25 19:55:11] === PAINEL.PHP INICIADO ===
[2025-11-25 19:55:11] REQUEST METHOD: DELETE
[2025-11-25 19:55:11] Conectando ao banco...
[2025-11-25 19:55:13] Conectado ao banco com sucesso
[2025-11-25 19:55:13] DELETE REQUEST
[2025-11-25 19:55:13] ID a deletar: 
[2025-11-25 19:55:13] ERRO CAPTURADO: ID n達o fornecido
[2025-11-25 19:55:13] Enviando erro: {"error":true,"message":"ID n\u00e3o fornecido"}
[2025-11-25 19:55:24] === PAINEL.PHP INICIADO ===
[2025-11-25 19:55:24] REQUEST METHOD: GET
[2025-11-25 19:55:24] Conectando ao banco...
[2025-11-25 19:55:26] Conectado ao banco com sucesso
[2025-11-25 19:55:26] GET REQUEST - Listando produtos
[2025-11-25 19:55:26] Total de produtos: 1
[2025-11-25 19:55:26] === PAINEL.PHP INICIADO ===
[2025-11-25 19:55:26] REQUEST METHOD: GET
[2025-11-25 19:55:26] Conectando ao banco...
[2025-11-25 19:55:28] Conectado ao banco com sucesso
[2025-11-25 19:55:28] GET REQUEST - Listando produtos
[2025-11-25 19:55:28] Total de produtos: 1
[2025-11-25 19:55:54] === PAINEL.PHP INICIADO ===
[2025-11-25 19:55:54] REQUEST METHOD: GET
[2025-11-25 19:55:54] Conectando ao banco...
[2025-11-25 19:55:56] Conectado ao banco com sucesso
[2025-11-25 19:55:56] GET REQUEST - Listando produtos
[2025-11-25 19:55:56] Total de produtos: 1
[2025-11-25 19:55:56] === PAINEL.PHP INICIADO ===
[2025-11-25 19:55:56] REQUEST METHOD: GET
[2025-11-25 19:55:56] Conectando ao banco...
[2025-11-25 19:55:59] Conectado ao banco com sucesso
[2025-11-25 19:55:59] GET REQUEST - Listando produtos
[2025-11-25 19:55:59] Total de produtos: 1
[2025-11-25 19:56:24] === PAINEL.PHP INICIADO ===
[2025-11-25 19:56:24] REQUEST METHOD: GET
[2025-11-25 19:56:24] Conectando ao banco...
[2025-11-25 19:56:26] Conectado ao banco com sucesso
[2025-11-25 19:56:26] GET REQUEST - Listando produtos
[2025-11-25 19:56:26] Total de produtos: 1
[2025-11-25 19:56:26] === PAINEL.PHP INICIADO ===
[2025-11-25 19:56:26] REQUEST METHOD: GET
[2025-11-25 19:56:26] Conectando ao banco...
[2025-11-25 19:56:29] Conectado ao banco com sucesso
[2025-11-25 19:56:29] GET REQUEST - Listando produtos
[2025-11-25 19:56:29] Total de produtos: 1
[2025-11-25 19:56:54] === PAINEL.PHP INICIADO ===
[2025-11-25 19:56:54] REQUEST METHOD: GET
[2025-11-25 19:56:54] Conectando ao banco...
[2025-11-25 19:56:56] Conectado ao banco com sucesso
[2025-11-25 19:56:56] GET REQUEST - Listando produtos
[2025-11-25 19:56:56] Total de produtos: 1
[2025-11-25 19:56:56] === PAINEL.PHP INICIADO ===
[2025-11-25 19:56:56] REQUEST METHOD: GET
[2025-11-25 19:56:56] Conectando ao banco...
[2025-11-25 19:56:58] Conectado ao banco com sucesso
[2025-11-25 19:56:58] GET REQUEST - Listando produtos
[2025-11-25 19:56:58] Total de produtos: 1
[2025-11-25 19:57:24] === PAINEL.PHP INICIADO ===
[2025-11-25 19:57:24] REQUEST METHOD: GET
[2025-11-25 19:57:24] Conectando ao banco...
[2025-11-25 19:57:26] Conectado ao banco com sucesso
[2025-11-25 19:57:26] GET REQUEST - Listando produtos
[2025-11-25 19:57:26] Total de produtos: 1
[2025-11-25 19:57:26] === PAINEL.PHP INICIADO ===
[2025-11-25 19:57:26] REQUEST METHOD: GET
[2025-11-25 19:57:26] Conectando ao banco...
[2025-11-25 19:57:28] Conectado ao banco com sucesso
[2025-11-25 19:57:28] GET REQUEST - Listando produtos
[2025-11-25 19:57:28] Total de produtos: 1
[2025-11-25 19:57:54] === PAINEL.PHP INICIADO ===
[2025-11-25 19:57:54] REQUEST METHOD: GET
[2025-11-25 19:57:54] Conectando ao banco...
[2025-11-25 19:57:56] Conectado ao banco com sucesso
[2025-11-25 19:57:56] GET REQUEST - Listando produtos
[2025-11-25 19:57:56] Total de produtos: 1
[2025-11-25 19:57:56] === PAINEL.PHP INICIADO ===
[2025-11-25 19:57:56] REQUEST METHOD: GET
[2025-11-25 19:57:56] Conectando ao banco...
[2025-11-25 19:57:58] Conectado ao banco com sucesso
[2025-11-25 19:57:58] GET REQUEST - Listando produtos
[2025-11-25 19:57:58] Total de produtos: 1
[2025-11-25 19:58:24] === PAINEL.PHP INICIADO ===
[2025-11-25 19:58:24] REQUEST METHOD: GET
[2025-11-25 19:58:24] Conectando ao banco...
[2025-11-25 19:58:26] Conectado ao banco com sucesso
[2025-11-25 19:58:26] GET REQUEST - Listando produtos
[2025-11-25 19:58:26] Total de produtos: 1
[2025-11-25 19:58:26] === PAINEL.PHP INICIADO ===
[2025-11-25 19:58:26] REQUEST METHOD: GET
[2025-11-25 19:58:26] Conectando ao banco...
[2025-11-25 19:58:28] Conectado ao banco com sucesso
[2025-11-25 19:58:28] GET REQUEST - Listando produtos
[2025-11-25 19:58:28] Total de produtos: 1
[2025-11-25 19:58:54] === PAINEL.PHP INICIADO ===
[2025-11-25 19:58:54] REQUEST METHOD: GET
[2025-11-25 19:58:54] Conectando ao banco...
[2025-11-25 19:58:56] Conectado ao banco com sucesso
[2025-11-25 19:58:56] GET REQUEST - Listando produtos
[2025-11-25 19:58:56] Total de produtos: 1
[2025-11-25 19:58:56] === PAINEL.PHP INICIADO ===
[2025-11-25 19:58:56] REQUEST METHOD: GET
[2025-11-25 19:58:56] Conectando ao banco...
[2025-11-25 19:58:58] Conectado ao banco com sucesso
[2025-11-25 19:58:58] GET REQUEST - Listando produtos
[2025-11-25 19:58:58] Total de produtos: 1
[2025-11-25 19:59:16] === PAINEL.PHP INICIADO ===
[2025-11-25 19:59:16] REQUEST METHOD: POST
[2025-11-25 19:59:16] Conectando ao banco...
[2025-11-25 19:59:18] Conectado ao banco com sucesso
[2025-11-25 19:59:18] POST REQUEST - Criando produto
[2025-11-25 19:59:18] Dados recebidos: Nome=Glock 19 Gen. 3, Preco=12000, Estoque=7
[2025-11-25 19:59:18] Upload de imagem detectado
[2025-11-25 19:59:18] Pasta uploads criada
[2025-11-25 19:59:18] Imagem salva: uploads/produto_6925fc8675098.jpg
[2025-11-25 19:59:18] Preparando statement para INSERT
[2025-11-25 19:59:18] Executando INSERT...
[2025-11-25 19:59:18] Produto inserido com ID: 2
[2025-11-25 19:59:18] Produto recuperado do banco
[2025-11-25 19:59:18] === PAINEL.PHP INICIADO ===
[2025-11-25 19:59:18] REQUEST METHOD: GET
[2025-11-25 19:59:18] Conectando ao banco...
[2025-11-25 19:59:20] Conectado ao banco com sucesso
[2025-11-25 19:59:20] GET REQUEST - Listando produtos
[2025-11-25 19:59:20] Total de produtos: 2
[2025-11-25 19:59:20] === PAINEL.PHP INICIADO ===
[2025-11-25 19:59:20] REQUEST METHOD: GET
[2025-11-25 19:59:20] Conectando ao banco...
[2025-11-25 19:59:22] Conectado ao banco com sucesso
[2025-11-25 19:59:22] GET REQUEST - Listando produtos
[2025-11-25 19:59:22] Total de produtos: 2
[2025-11-25 19:59:24] === PAINEL.PHP INICIADO ===
[2025-11-25 19:59:24] REQUEST METHOD: GET
[2025-11-25 19:59:24] Conectando ao banco...
[2025-11-25 19:59:26] Conectado ao banco com sucesso
[2025-11-25 19:59:26] GET REQUEST - Listando produtos
[2025-11-25 19:59:26] Total de produtos: 2
[2025-11-25 19:59:26] === PAINEL.PHP INICIADO ===
[2025-11-25 19:59:26] REQUEST METHOD: GET
[2025-11-25 19:59:26] Conectando ao banco...
[2025-11-25 19:59:28] Conectado ao banco com sucesso
[2025-11-25 19:59:28] GET REQUEST - Listando produtos
[2025-11-25 19:59:28] Total de produtos: 2
[2025-11-25 19:59:30] === PAINEL.PHP INICIADO ===
[2025-11-25 19:59:30] REQUEST METHOD: GET
[2025-11-25 19:59:30] Conectando ao banco...
[2025-11-25 19:59:32] Conectado ao banco com sucesso
[2025-11-25 19:59:32] GET REQUEST - Listando produtos
[2025-11-25 19:59:32] Total de produtos: 2
[2025-11-25 22:21:23] === PAINEL.PHP INICIADO ===
[2025-11-25 22:21:23] REQUEST METHOD: GET
[2025-11-25 22:21:23] Conectando ao banco...
[2025-11-25 22:21:25] Conectado ao banco com sucesso
[2025-11-25 22:21:25] GET REQUEST - Listando produtos
[2025-11-25 22:21:25] Total de produtos: 2
[2025-11-25 22:33:18] === PAINEL.PHP INICIADO ===
[2025-11-25 22:33:18] REQUEST METHOD: GET
[2025-11-25 22:33:18] Conectando ao banco...
[2025-11-25 22:33:20] Conectado ao banco com sucesso
[2025-11-25 22:33:20] GET REQUEST - Listando produtos
[2025-11-25 22:33:20] Total de produtos: 2
[2025-11-25 22:34:50] === PAINEL.PHP INICIADO ===
[2025-11-25 22:34:50] REQUEST METHOD: GET
[2025-11-25 22:34:50] Conectando ao banco...
[2025-11-25 22:34:52] Conectado ao banco com sucesso
[2025-11-25 22:34:52] GET REQUEST - Listando produtos
[2025-11-25 22:34:52] Total de produtos: 2
[2025-11-25 22:34:54] === PAINEL.PHP INICIADO ===
[2025-11-25 22:34:54] REQUEST METHOD: GET
[2025-11-25 22:34:54] Conectando ao banco...
[2025-11-25 22:34:56] Conectado ao banco com sucesso
[2025-11-25 22:34:56] GET REQUEST - Listando produtos
[2025-11-25 22:34:56] Total de produtos: 2
[2025-11-25 22:35:14] === PAINEL.PHP INICIADO ===
[2025-11-25 22:35:14] REQUEST METHOD: GET
[2025-11-25 22:35:14] Conectando ao banco...
[2025-11-25 22:35:16] Conectado ao banco com sucesso
[2025-11-25 22:35:16] GET REQUEST - Listando produtos
[2025-11-25 22:35:16] Total de produtos: 2
[2025-11-25 22:35:16] === PAINEL.PHP INICIADO ===
[2025-11-25 22:35:16] REQUEST METHOD: GET
[2025-11-25 22:35:16] Conectando ao banco...
[2025-11-25 22:35:18] Conectado ao banco com sucesso
[2025-11-25 22:35:18] GET REQUEST - Listando produtos
[2025-11-25 22:35:18] Total de produtos: 2
[2025-11-25 22:35:44] === PAINEL.PHP INICIADO ===
[2025-11-25 22:35:44] REQUEST METHOD: GET
[2025-11-25 22:35:44] Conectando ao banco...
[2025-11-25 22:35:46] Conectado ao banco com sucesso
[2025-11-25 22:35:46] GET REQUEST - Listando produtos
[2025-11-25 22:35:46] Total de produtos: 2
[2025-11-25 22:35:46] === PAINEL.PHP INICIADO ===
[2025-11-25 22:35:46] REQUEST METHOD: GET
[2025-11-25 22:35:46] Conectando ao banco...
[2025-11-25 22:35:48] Conectado ao banco com sucesso
[2025-11-25 22:35:48] GET REQUEST - Listando produtos
[2025-11-25 22:35:48] Total de produtos: 2
[2025-11-25 22:36:14] === PAINEL.PHP INICIADO ===
[2025-11-25 22:36:14] REQUEST METHOD: GET
[2025-11-25 22:36:14] Conectando ao banco...
[2025-11-25 22:36:16] Conectado ao banco com sucesso
[2025-11-25 22:36:16] GET REQUEST - Listando produtos
[2025-11-25 22:36:16] Total de produtos: 2
[2025-11-25 22:36:16] === PAINEL.PHP INICIADO ===
[2025-11-25 22:36:16] REQUEST METHOD: GET
[2025-11-25 22:36:16] Conectando ao banco...
[2025-11-25 22:36:18] Conectado ao banco com sucesso
[2025-11-25 22:36:18] GET REQUEST - Listando produtos
[2025-11-25 22:36:18] Total de produtos: 2
[2025-11-25 22:36:41] === PAINEL.PHP INICIADO ===
[2025-11-25 22:36:41] REQUEST METHOD: GET
[2025-11-25 22:36:41] Conectando ao banco...
[2025-11-25 22:36:43] Conectado ao banco com sucesso
[2025-11-25 22:36:43] GET REQUEST - Listando produtos
[2025-11-25 22:36:43] Total de produtos: 2
[2025-11-25 22:36:43] === PAINEL.PHP INICIADO ===
[2025-11-25 22:36:43] REQUEST METHOD: GET
[2025-11-25 22:36:43] Conectando ao banco...
[2025-11-25 22:36:46] Conectado ao banco com sucesso
[2025-11-25 22:36:46] GET REQUEST - Listando produtos
[2025-11-25 22:36:46] Total de produtos: 2
[2025-11-25 22:36:46] === PAINEL.PHP INICIADO ===
[2025-11-25 22:36:46] REQUEST METHOD: GET
[2025-11-25 22:36:46] Conectando ao banco...
[2025-11-25 22:36:48] Conectado ao banco com sucesso
[2025-11-25 22:36:48] GET REQUEST - Listando produtos
[2025-11-25 22:36:48] Total de produtos: 2
[2025-11-25 22:36:48] === PAINEL.PHP INICIADO ===
[2025-11-25 22:36:48] REQUEST METHOD: GET
[2025-11-25 22:36:48] Conectando ao banco...
[2025-11-25 22:36:50] Conectado ao banco com sucesso
[2025-11-25 22:36:50] GET REQUEST - Listando produtos
[2025-11-25 22:36:50] Total de produtos: 2
[2025-11-25 22:36:50] === PAINEL.PHP INICIADO ===
[2025-11-25 22:36:50] REQUEST METHOD: GET
[2025-11-25 22:36:50] Conectando ao banco...
[2025-11-25 22:36:52] Conectado ao banco com sucesso
[2025-11-25 22:36:52] GET REQUEST - Listando produtos
[2025-11-25 22:36:52] Total de produtos: 2
[2025-11-25 22:36:57] === PAINEL.PHP INICIADO ===
[2025-11-25 22:36:57] REQUEST METHOD: PUT
[2025-11-25 22:36:57] Conectando ao banco...
[2025-11-25 22:36:59] Conectado ao banco com sucesso
[2025-11-25 22:36:59] PUT REQUEST - Editando produto
[2025-11-25 22:36:59] ERRO CAPTURADO: ID n達o fornecido
[2025-11-25 22:36:59] Enviando erro: {"error":true,"message":"ID n\u00e3o fornecido"}
[2025-11-25 22:37:05] === PAINEL.PHP INICIADO ===
[2025-11-25 22:37:05] REQUEST METHOD: DELETE
[2025-11-25 22:37:05] Conectando ao banco...
[2025-11-25 22:37:07] Conectado ao banco com sucesso
[2025-11-25 22:37:07] DELETE REQUEST
[2025-11-25 22:37:07] ID a deletar: 2
[2025-11-25 22:37:07] Produto deletado com sucesso
[2025-11-25 22:37:07] === PAINEL.PHP INICIADO ===
[2025-11-25 22:37:07] REQUEST METHOD: GET
[2025-11-25 22:37:07] Conectando ao banco...
[2025-11-25 22:37:09] Conectado ao banco com sucesso
[2025-11-25 22:37:09] GET REQUEST - Listando produtos
[2025-11-25 22:37:09] Total de produtos: 1
[2025-11-25 22:37:09] === PAINEL.PHP INICIADO ===
[2025-11-25 22:37:09] REQUEST METHOD: GET
[2025-11-25 22:37:09] Conectando ao banco...
[2025-11-25 22:37:11] Conectado ao banco com sucesso
[2025-11-25 22:37:11] GET REQUEST - Listando produtos
[2025-11-25 22:37:11] Total de produtos: 1
[2025-11-25 22:37:14] === PAINEL.PHP INICIADO ===
[2025-11-25 22:37:14] REQUEST METHOD: GET
[2025-11-25 22:37:14] Conectando ao banco...
[2025-11-25 22:37:16] Conectado ao banco com sucesso
[2025-11-25 22:37:16] GET REQUEST - Listando produtos
[2025-11-25 22:37:16] Total de produtos: 1
[2025-11-25 22:37:16] === PAINEL.PHP INICIADO ===
[2025-11-25 22:37:16] REQUEST METHOD: GET
[2025-11-25 22:37:16] Conectando ao banco...
[2025-11-25 22:37:18] Conectado ao banco com sucesso
[2025-11-25 22:37:18] GET REQUEST - Listando produtos
[2025-11-25 22:37:18] Total de produtos: 1
[2025-11-25 22:37:18] === PAINEL.PHP INICIADO ===
[2025-11-25 22:37:18] REQUEST METHOD: PUT
[2025-11-25 22:37:18] Conectando ao banco...
[2025-11-25 22:37:20] Conectado ao banco com sucesso
[2025-11-25 22:37:20] PUT REQUEST - Editando produto
[2025-11-25 22:37:20] ERRO CAPTURADO: ID n達o fornecido
[2025-11-25 22:37:20] Enviando erro: {"error":true,"message":"ID n\u00e3o fornecido"}
[2025-11-25 22:37:28] === PAINEL.PHP INICIADO ===
[2025-11-25 22:37:28] REQUEST METHOD: GET
[2025-11-25 22:37:28] Conectando ao banco...
[2025-11-25 22:37:29] === PAINEL.PHP INICIADO ===
[2025-11-25 22:37:29] REQUEST METHOD: GET
[2025-11-25 22:37:29] Conectando ao banco...
[2025-11-25 22:37:30] === PAINEL.PHP INICIADO ===
[2025-11-25 22:37:30] REQUEST METHOD: GET
[2025-11-25 22:37:30] Conectando ao banco...
[2025-11-25 22:37:30] === PAINEL.PHP INICIADO ===
[2025-11-25 22:37:30] REQUEST METHOD: GET
[2025-11-25 22:37:30] Conectando ao banco...
[2025-11-25 22:37:30] Conectado ao banco com sucesso
[2025-11-25 22:37:30] GET REQUEST - Listando produtos
[2025-11-25 22:37:30] Total de produtos: 1
[2025-11-25 22:37:30] Ordenando por: nome - asc
[2025-11-25 22:37:31] Conectado ao banco com sucesso
[2025-11-25 22:37:31] GET REQUEST - Listando produtos
[2025-11-25 22:37:31] Total de produtos: 1
[2025-11-25 22:37:31] Ordenando por: preco - asc
[2025-11-25 22:37:31] === PAINEL.PHP INICIADO ===
[2025-11-25 22:37:31] REQUEST METHOD: GET
[2025-11-25 22:37:31] Conectando ao banco...
[2025-11-25 22:37:32] Conectado ao banco com sucesso
[2025-11-25 22:37:32] GET REQUEST - Listando produtos
[2025-11-25 22:37:32] Total de produtos: 1
[2025-11-25 22:37:32] Ordenando por: estoque - asc
[2025-11-25 22:37:32] Conectado ao banco com sucesso
[2025-11-25 22:37:32] GET REQUEST - Listando produtos
[2025-11-25 22:37:32] Total de produtos: 1
[2025-11-25 22:37:32] Ordenando por: marca - asc
[2025-11-25 22:37:33] === PAINEL.PHP INICIADO ===
[2025-11-25 22:37:33] REQUEST METHOD: GET
[2025-11-25 22:37:33] Conectando ao banco...
[2025-11-25 22:37:33] Conectado ao banco com sucesso
[2025-11-25 22:37:33] GET REQUEST - Listando produtos
[2025-11-25 22:37:33] Total de produtos: 1
[2025-11-25 22:37:33] Ordenando por: marca - desc
[2025-11-25 22:37:34] === PAINEL.PHP INICIADO ===
[2025-11-25 22:37:34] REQUEST METHOD: GET
[2025-11-25 22:37:34] Conectando ao banco...
[2025-11-25 22:37:35] Conectado ao banco com sucesso
[2025-11-25 22:37:35] GET REQUEST - Listando produtos
[2025-11-25 22:37:35] Total de produtos: 1
[2025-11-25 22:37:35] Ordenando por: marca - asc
[2025-11-25 22:37:36] === PAINEL.PHP INICIADO ===
[2025-11-25 22:37:36] REQUEST METHOD: GET
[2025-11-25 22:37:36] Conectando ao banco...
[2025-11-25 22:37:36] Conectado ao banco com sucesso
[2025-11-25 22:37:36] GET REQUEST - Listando produtos
[2025-11-25 22:37:36] Total de produtos: 1
[2025-11-25 22:37:36] Ordenando por: marca - desc
[2025-11-25 22:37:38] Conectado ao banco com sucesso
[2025-11-25 22:37:38] GET REQUEST - Listando produtos
[2025-11-25 22:37:38] Total de produtos: 1
[2025-11-25 22:37:44] === PAINEL.PHP INICIADO ===
[2025-11-25 22:37:44] REQUEST METHOD: GET
[2025-11-25 22:37:44] Conectando ao banco...
[2025-11-25 22:37:46] Conectado ao banco com sucesso
[2025-11-25 22:37:46] GET REQUEST - Listando produtos
[2025-11-25 22:37:46] Total de produtos: 1
[2025-11-25 22:37:46] === PAINEL.PHP INICIADO ===
[2025-11-25 22:37:46] REQUEST METHOD: GET
[2025-11-25 22:37:46] Conectando ao banco...
[2025-11-25 22:37:48] Conectado ao banco com sucesso
[2025-11-25 22:37:48] GET REQUEST - Listando produtos
[2025-11-25 22:37:48] Total de produtos: 1
[2025-11-25 22:38:14] === PAINEL.PHP INICIADO ===
[2025-11-25 22:38:14] REQUEST METHOD: GET
[2025-11-25 22:38:14] Conectando ao banco...
[2025-11-25 22:38:16] Conectado ao banco com sucesso
[2025-11-25 22:38:16] GET REQUEST - Listando produtos
[2025-11-25 22:38:16] Total de produtos: 1
[2025-11-25 22:38:16] === PAINEL.PHP INICIADO ===
[2025-11-25 22:38:16] REQUEST METHOD: GET
[2025-11-25 22:38:16] Conectando ao banco...
[2025-11-25 22:38:18] Conectado ao banco com sucesso
[2025-11-25 22:38:18] GET REQUEST - Listando produtos
[2025-11-25 22:38:18] Total de produtos: 1
[2025-11-25 22:38:32] === PAINEL.PHP INICIADO ===
[2025-11-25 22:38:32] REQUEST METHOD: POST
[2025-11-25 22:38:32] Conectando ao banco...
[2025-11-25 22:38:34] Conectado ao banco com sucesso
[2025-11-25 22:38:34] POST REQUEST - Criando produto
[2025-11-25 22:38:34] Dados recebidos: Nome=Glock, Preco=22222, Estoque=2
[2025-11-25 22:38:34] Upload de imagem detectado
[2025-11-25 22:38:34] Imagem salva: uploads/produto_692621daac6f4.jpg
[2025-11-25 22:38:34] Preparando statement para INSERT
[2025-11-25 22:38:34] Executando INSERT...
[2025-11-25 22:38:34] Produto inserido com ID: 3
[2025-11-25 22:38:34] Produto recuperado do banco
[2025-11-25 22:38:34] === PAINEL.PHP INICIADO ===
[2025-11-25 22:38:34] REQUEST METHOD: GET
[2025-11-25 22:38:34] Conectando ao banco...
[2025-11-25 22:38:36] Conectado ao banco com sucesso
[2025-11-25 22:38:36] GET REQUEST - Listando produtos
[2025-11-25 22:38:36] Total de produtos: 2
[2025-11-25 22:38:36] === PAINEL.PHP INICIADO ===
[2025-11-25 22:38:36] REQUEST METHOD: GET
[2025-11-25 22:38:36] Conectando ao banco...
[2025-11-25 22:38:38] Conectado ao banco com sucesso
[2025-11-25 22:38:38] GET REQUEST - Listando produtos
[2025-11-25 22:38:38] Total de produtos: 2
[2025-11-25 22:38:38] === PAINEL.PHP INICIADO ===
[2025-11-25 22:38:38] REQUEST METHOD: GET
[2025-11-25 22:38:38] Conectando ao banco...
[2025-11-25 22:38:40] Conectado ao banco com sucesso
[2025-11-25 22:38:40] GET REQUEST - Listando produtos
[2025-11-25 22:38:40] Total de produtos: 2
[2025-11-25 22:38:44] === PAINEL.PHP INICIADO ===
[2025-11-25 22:38:44] REQUEST METHOD: GET
[2025-11-25 22:38:44] Conectando ao banco...
[2025-11-25 22:38:46] Conectado ao banco com sucesso
[2025-11-25 22:38:46] GET REQUEST - Listando produtos
[2025-11-25 22:38:46] Total de produtos: 2
[2025-11-25 22:38:46] === PAINEL.PHP INICIADO ===
[2025-11-25 22:38:46] REQUEST METHOD: GET
[2025-11-25 22:38:46] Conectando ao banco...
[2025-11-25 22:38:48] Conectado ao banco com sucesso
[2025-11-25 22:38:48] GET REQUEST - Listando produtos
[2025-11-25 22:38:48] Total de produtos: 2
[2025-11-25 22:39:14] === PAINEL.PHP INICIADO ===
[2025-11-25 22:39:14] REQUEST METHOD: GET
[2025-11-25 22:39:14] Conectando ao banco...
[2025-11-25 22:39:16] Conectado ao banco com sucesso
[2025-11-25 22:39:16] GET REQUEST - Listando produtos
[2025-11-25 22:39:16] Total de produtos: 2
[2025-11-25 22:39:16] === PAINEL.PHP INICIADO ===
[2025-11-25 22:39:16] REQUEST METHOD: GET
[2025-11-25 22:39:16] Conectando ao banco...
[2025-11-25 22:39:18] Conectado ao banco com sucesso
[2025-11-25 22:39:18] GET REQUEST - Listando produtos
[2025-11-25 22:39:18] Total de produtos: 2
[2025-11-25 22:39:23] === PAINEL.PHP INICIADO ===
[2025-11-25 22:39:23] REQUEST METHOD: GET
[2025-11-25 22:39:23] Conectando ao banco...
[2025-11-25 22:39:24] === PAINEL.PHP INICIADO ===
[2025-11-25 22:39:24] REQUEST METHOD: GET
[2025-11-25 22:39:24] Conectando ao banco...
[2025-11-25 22:39:25] === PAINEL.PHP INICIADO ===
[2025-11-25 22:39:25] REQUEST METHOD: GET
[2025-11-25 22:39:25] Conectando ao banco...
[2025-11-25 22:39:25] === PAINEL.PHP INICIADO ===
[2025-11-25 22:39:25] REQUEST METHOD: GET
[2025-11-25 22:39:25] Conectando ao banco...
[2025-11-25 22:39:25] Conectado ao banco com sucesso
[2025-11-25 22:39:25] GET REQUEST - Listando produtos
[2025-11-25 22:39:25] Total de produtos: 2
[2025-11-25 22:39:25] Ordenando por: marca - asc
[2025-11-25 22:39:25] === PAINEL.PHP INICIADO ===
[2025-11-25 22:39:25] REQUEST METHOD: GET
[2025-11-25 22:39:25] Conectando ao banco...
[2025-11-25 22:39:26] Conectado ao banco com sucesso
[2025-11-25 22:39:26] GET REQUEST - Listando produtos
[2025-11-25 22:39:26] Total de produtos: 2
[2025-11-25 22:39:26] Ordenando por: estoque - asc
[2025-11-25 22:39:26] === PAINEL.PHP INICIADO ===
[2025-11-25 22:39:26] REQUEST METHOD: GET
[2025-11-25 22:39:26] Conectando ao banco...
[2025-11-25 22:39:27] Conectado ao banco com sucesso
[2025-11-25 22:39:27] GET REQUEST - Listando produtos
[2025-11-25 22:39:27] Total de produtos: 2
[2025-11-25 22:39:27] Ordenando por: preco - asc
[2025-11-25 22:39:27] Conectado ao banco com sucesso
[2025-11-25 22:39:27] GET REQUEST - Listando produtos
[2025-11-25 22:39:27] Total de produtos: 2
[2025-11-25 22:39:27] Ordenando por: nome - asc
[2025-11-25 22:39:27] Conectado ao banco com sucesso
[2025-11-25 22:39:27] GET REQUEST - Listando produtos
[2025-11-25 22:39:27] Total de produtos: 2
[2025-11-25 22:39:27] Ordenando por: nome - desc
[2025-11-25 22:39:28] === PAINEL.PHP INICIADO ===
[2025-11-25 22:39:28] REQUEST METHOD: GET
[2025-11-25 22:39:28] Conectando ao banco...
[2025-11-25 22:39:29] Conectado ao banco com sucesso
[2025-11-25 22:39:29] GET REQUEST - Listando produtos
[2025-11-25 22:39:29] Total de produtos: 2
[2025-11-25 22:39:29] === PAINEL.PHP INICIADO ===
[2025-11-25 22:39:29] REQUEST METHOD: GET
[2025-11-25 22:39:29] Conectando ao banco...
[2025-11-25 22:39:30] Conectado ao banco com sucesso
[2025-11-25 22:39:30] GET REQUEST - Listando produtos
[2025-11-25 22:39:30] Total de produtos: 2
[2025-11-25 22:39:30] Ordenando por: preco - asc
[2025-11-25 22:39:31] Conectado ao banco com sucesso
[2025-11-25 22:39:31] GET REQUEST - Listando produtos
[2025-11-25 22:39:31] Total de produtos: 2
[2025-11-25 22:39:36] === PAINEL.PHP INICIADO ===
[2025-11-25 22:39:36] REQUEST METHOD: GET
[2025-11-25 22:39:36] Conectando ao banco...
[2025-11-25 22:39:39] Conectado ao banco com sucesso
[2025-11-25 22:39:39] GET REQUEST - Listando produtos
[2025-11-25 22:39:39] Total de produtos: 2
[2025-11-25 22:39:39] === PAINEL.PHP INICIADO ===
[2025-11-25 22:39:39] REQUEST METHOD: GET
[2025-11-25 22:39:39] Conectando ao banco...
[2025-11-25 22:39:41] Conectado ao banco com sucesso
[2025-11-25 22:39:41] GET REQUEST - Listando produtos
[2025-11-25 22:39:41] Total de produtos: 2
[2025-11-25 22:39:42] === PAINEL.PHP INICIADO ===
[2025-11-25 22:39:42] REQUEST METHOD: GET
[2025-11-25 22:39:42] Conectando ao banco...
[2025-11-25 22:39:44] === PAINEL.PHP INICIADO ===
[2025-11-25 22:39:44] REQUEST METHOD: GET
[2025-11-25 22:39:44] Conectando ao banco...
[2025-11-25 22:39:44] Conectado ao banco com sucesso
[2025-11-25 22:39:44] GET REQUEST - Listando produtos
[2025-11-25 22:39:44] Total de produtos: 2
[2025-11-25 22:39:44] Ordenando por: estoque - asc
[2025-11-25 22:39:46] Conectado ao banco com sucesso
[2025-11-25 22:39:46] GET REQUEST - Listando produtos
[2025-11-25 22:39:46] Total de produtos: 2
[2025-11-25 22:39:46] === PAINEL.PHP INICIADO ===
[2025-11-25 22:39:46] REQUEST METHOD: GET
[2025-11-25 22:39:46] Conectando ao banco...
[2025-11-25 22:39:48] Conectado ao banco com sucesso
[2025-11-25 22:39:48] GET REQUEST - Listando produtos
[2025-11-25 22:39:48] Total de produtos: 2
[2025-11-25 22:39:48] === PAINEL.PHP INICIADO ===
[2025-11-25 22:39:48] REQUEST METHOD: GET
[2025-11-25 22:39:48] Conectando ao banco...
[2025-11-25 22:39:49] === PAINEL.PHP INICIADO ===
[2025-11-25 22:39:49] REQUEST METHOD: GET
[2025-11-25 22:39:49] Conectando ao banco...
[2025-11-25 22:39:50] Conectado ao banco com sucesso
[2025-11-25 22:39:50] GET REQUEST - Listando produtos
[2025-11-25 22:39:50] Total de produtos: 2
[2025-11-25 22:39:51] Conectado ao banco com sucesso
[2025-11-25 22:39:51] GET REQUEST - Listando produtos
[2025-11-25 22:39:51] Total de produtos: 2
[2025-11-25 22:39:51] Ordenando por: estoque - desc
[2025-11-25 22:40:14] === PAINEL.PHP INICIADO ===
[2025-11-25 22:40:14] REQUEST METHOD: GET
[2025-11-25 22:40:14] Conectando ao banco...
[2025-11-25 22:40:16] Conectado ao banco com sucesso
[2025-11-25 22:40:16] GET REQUEST - Listando produtos
[2025-11-25 22:40:16] Total de produtos: 2
[2025-11-25 22:40:16] === PAINEL.PHP INICIADO ===
[2025-11-25 22:40:16] REQUEST METHOD: GET
[2025-11-25 22:40:16] Conectando ao banco...
[2025-11-25 22:40:18] Conectado ao banco com sucesso
[2025-11-25 22:40:18] GET REQUEST - Listando produtos
[2025-11-25 22:40:18] Total de produtos: 2
[2025-11-25 22:40:18] === PAINEL.PHP INICIADO ===
[2025-11-25 22:40:18] REQUEST METHOD: GET
[2025-11-25 22:40:18] Conectando ao banco...
[2025-11-25 22:40:20] Conectado ao banco com sucesso
[2025-11-25 22:40:20] GET REQUEST - Listando produtos
[2025-11-25 22:40:20] Total de produtos: 2
[2025-11-25 22:40:22] === PAINEL.PHP INICIADO ===
[2025-11-25 22:40:22] REQUEST METHOD: GET
[2025-11-25 22:40:22] Conectando ao banco...
[2025-11-25 22:40:24] Conectado ao banco com sucesso
[2025-11-25 22:40:24] GET REQUEST - Listando produtos
[2025-11-25 22:40:24] Total de produtos: 2
[2025-11-25 22:40:46] === PAINEL.PHP INICIADO ===
[2025-11-25 22:40:46] REQUEST METHOD: GET
[2025-11-25 22:40:46] Conectando ao banco...
[2025-11-25 22:40:48] Conectado ao banco com sucesso
[2025-11-25 22:40:48] GET REQUEST - Listando produtos
[2025-11-25 22:40:48] Total de produtos: 2
